<?xml version="1.0" encoding="UTF-8"?>
<testsuite xmlns:xsi="http://www.w3.org/2001/XMLSchema-instance" xsi:noNamespaceSchemaLocation="https://maven.apache.org/surefire/maven-surefire-plugin/xsd/surefire-test-report.xsd" name="com.example.quarkus.OrderServiceTest" time="15.993" tests="1" errors="0" skipped="0" failures="1">
  <properties>
[...]
</properties>
  <testcase name="testGetAllOrders" classname="com.example.quarkus.OrderServiceTest" time="3.69">
    <failure message="3 expectations failed.&#10;Response body doesn&apos;t match expectation.&#10;Expected: a string containing &quot;TV&quot;&#10;  Actual: []&#10;&#10;Response body doesn&apos;t match expectation.&#10;Expected: a string containing &quot;Cricket Bat&quot;&#10;  Actual: []&#10;&#10;Response body doesn&apos;t match expectation.&#10;Expected: a string containing &quot;Iphone-X&quot;&#10;  Actual: []&#10;" type="java.lang.AssertionError">java.lang.AssertionError: 
3 expectations failed.
Response body doesn't match expectation.
Expected: a string containing "TV"
  Actual: []

Response body doesn't match expectation.
Expected: a string containing "Cricket Bat"
  Actual: []

Response body doesn't match expectation.
Expected: a string containing "Iphone-X"
  Actual: []

	at com.example.quarkus.OrderServiceTest.testGetAllOrders(OrderServiceTest.java:20)
</failure>
    <system-out><![CDATA[Hibernate: 
    
    create table order_table (
       id bigint not null,
        itemName varchar(255),
        orderBy varchar(255),
        orderDate varchar(255),
        primary key (id)
    )
Hibernate: create sequence hibernate_sequence start with 1 increment by 1
2020-02-21 22:34:49,531 INFO  [io.quarkus] (main) Quarkus 1.2.0.Final started in 6.087s. Listening on: http://0.0.0.0:8081
2020-02-21 22:34:49,536 INFO  [io.quarkus] (main) Profile test activated. 
2020-02-21 22:34:49,536 INFO  [io.quarkus] (main) Installed features: [agroal, cdi, hibernate-orm, hibernate-orm-panache, hibernate-validator, jdbc-h2, narayana-jta, resteasy, resteasy-jsonb]
Hibernate: 
    select
        order0_.id as id1_0_,
        order0_.itemName as itemName2_0_,
        order0_.orderBy as orderBy3_0_,
        order0_.orderDate as orderDat4_0_ 
    from
        order_table order0_ limit ?
2020-02-21 22:34:52,788 INFO  [org.hib.eng.int.StatisticalLoggingSessionEventListener] (executor-thread-1) Session Metrics {
    1205333 nanoseconds spent acquiring 1 JDBC connections;
    45538 nanoseconds spent releasing 1 JDBC connections;
    15309942 nanoseconds spent preparing 1 JDBC statements;
    288821 nanoseconds spent executing 1 JDBC statements;
    0 nanoseconds spent executing 0 JDBC batches;
    0 nanoseconds spent performing 0 L2C puts;
    0 nanoseconds spent performing 0 L2C hits;
    0 nanoseconds spent performing 0 L2C misses;
    0 nanoseconds spent executing 0 flushes (flushing a total of 0 entities and 0 collections);
    0 nanoseconds spent executing 0 partial-flushes (flushing a total of 0 entities and 0 collections)
}
]]></system-out>
  </testcase>
</testsuite>